\BOOKMARK [1][-]{section.1}{\376\377\000I\000n\000t\000r\000o\000d\000u\000c\000t\000i\000o\000n}{}% 1
\BOOKMARK [1][-]{section.2}{\376\377\000R\000e\000p\000o\000r\000t\000\040\0001}{}% 2
\BOOKMARK [1][-]{section.3}{\376\377\000R\000e\000p\000o\000r\000t\000\040\0002}{}% 3
\BOOKMARK [2][-]{subsection.3.1}{\376\377\000S\000e\000v\000e\000n\000\040\000S\000e\000g\000m\000e\000n\000t\000\040\000D\000i\000s\000p\000l\000a\000y}{section.3}% 4
\BOOKMARK [2][-]{subsection.3.2}{\376\377\000P\000a\000r\000a\000m\000e\000t\000e\000r\000i\000s\000e\000d\000\040\000U\000p\000-\000D\000o\000w\000n\000\040\000C\000o\000u\000n\000t\000e\000r\000\040\000w\000i\000t\000h\000\040\000E\000n\000a\000b\000l\000e}{section.3}% 5
\BOOKMARK [2][-]{subsection.3.3}{\376\377\000B\000i\000n\000a\000r\000y\000\040\000t\000o\000\040\000B\000i\000n\000a\000r\000y\000-\000C\000o\000d\000e\000d\000\040\000D\000e\000c\000i\000m\000a\000l}{section.3}% 6
\BOOKMARK [2][-]{subsection.3.4}{\376\377\000C\000a\000s\000c\000a\000d\000e\000d\000\040\000H\000o\000u\000r\000-\000M\000i\000n\000u\000t\000e\000-\000S\000e\000c\000o\000n\000d\000\040\000C\000o\000u\000n\000t\000e\000r\000\040\000w\000i\000t\000h\000\040\000E\000n\000a\000b\000l\000e}{section.3}% 7
\BOOKMARK [2][-]{subsection.3.5}{\376\377\000M\000o\000d\000u\000l\000o\000\040\000N\000\040\000C\000o\000u\000n\000t\000e\000r}{section.3}% 8
\BOOKMARK [2][-]{subsection.3.6}{\376\377\000R\000e\000s\000t\000a\000r\000t\000a\000b\000l\000e\000\040\000R\000a\000t\000e\000\040\000G\000e\000n\000e\000r\000a\000t\000o\000r}{section.3}% 9
\BOOKMARK [2][-]{subsection.3.7}{\376\377\000T\000o\000p\000\040\000T\000i\000m\000e\000\040\000D\000i\000s\000p\000l\000a\000y\000\040\000V\0001}{section.3}% 10
\BOOKMARK [2][-]{subsection.3.8}{\376\377\000P\000u\000l\000s\000e\000\040\000W\000i\000d\000t\000h\000\040\000G\000e\000n\000e\000r\000a\000t\000o\000r}{section.3}% 11
\BOOKMARK [2][-]{subsection.3.9}{\376\377\000R\000i\000s\000i\000n\000g\000\040\000E\000d\000g\000e\000\040\000D\000e\000t\000e\000c\000t\000o\000r}{section.3}% 12
\BOOKMARK [2][-]{subsection.3.10}{\376\377\000B\000u\000t\000t\000o\000n\000\040\000H\000o\000l\000d\000\040\000D\000e\000t\000e\000c\000t}{section.3}% 13
\BOOKMARK [2][-]{subsection.3.11}{\376\377\000B\000u\000t\000t\000o\000n\000\040\000H\000o\000l\000d\000\040\000P\000u\000l\000s\000e}{section.3}% 14
\BOOKMARK [2][-]{subsection.3.12}{\376\377\000B\000u\000t\000t\000o\000n\000\040\000A\000u\000t\000o\000\040\000R\000e\000p\000e\000a\000t}{section.3}% 15
\BOOKMARK [2][-]{subsection.3.13}{\376\377\000A\000r\000m\000i\000n\000g\000\040\000L\000a\000t\000c\000h}{section.3}% 16
\BOOKMARK [2][-]{subsection.3.14}{\376\377\000E\000d\000i\000t\000\040\000M\000o\000d\000e\000\040\000S\000e\000l\000e\000c\000t}{section.3}% 17
\BOOKMARK [2][-]{subsection.3.15}{\376\377\000E\000d\000i\000t\000a\000b\000l\000e\000\040\000C\000o\000u\000n\000t\000e\000r}{section.3}% 18
\BOOKMARK [2][-]{subsection.3.16}{\376\377\000K\000e\000y\000\040\000S\000y\000n\000c\000h\000r\000o\000n\000i\000s\000e\000r}{section.3}% 19
\BOOKMARK [2][-]{subsection.3.17}{\376\377\000D\000e\000c\000i\000m\000a\000l\000\040\000D\000i\000s\000p\000l\000a\000y\000\040\000D\000r\000i\000v\000e\000r}{section.3}% 20
\BOOKMARK [2][-]{subsection.3.18}{\376\377\000U\000s\000e\000r\000\040\000T\000o\000p\000\040\000W\000a\000t\000c\000h\000\040\000V\0001}{section.3}% 21
\BOOKMARK [2][-]{subsection.3.19}{\376\377\000U\000s\000e\000r\000\040\000T\000o\000p\000\040\000W\000a\000t\000c\000h\000\040\000V\0002}{section.3}% 22
\BOOKMARK [2][-]{subsection.3.20}{\376\377\000U\000s\000e\000r\000\040\000T\000o\000p\000\040\000W\000a\000t\000c\000h\000\040\000V\0003}{section.3}% 23
\BOOKMARK [2][-]{subsection.3.21}{\376\377\000U\000s\000e\000r\000\040\000T\000o\000p\000\040\000W\000a\000t\000c\000h\000\040\000V\0004}{section.3}% 24
\BOOKMARK [1][-]{section.4}{\376\377\000R\000e\000p\000o\000r\000t\000\040\0003}{}% 25
\BOOKMARK [1][-]{section.5}{\376\377\000R\000e\000p\000o\000r\000t\000\040\0004}{}% 26
\BOOKMARK [1][-]{section.6}{\376\377\000R\000e\000p\000o\000r\000t\000\040\0005}{}% 27
\BOOKMARK [1][-]{section.7}{\376\377\000R\000e\000p\000o\000r\000t\000\040\0006}{}% 28
\BOOKMARK [1][-]{section.8}{\376\377\000R\000e\000p\000o\000r\000t\000\040\0007}{}% 29
\BOOKMARK [1][-]{section.9}{\376\377\000R\000e\000p\000o\000r\000t\000\040\0008}{}% 30
\BOOKMARK [1][-]{section.10}{\376\377\000R\000e\000p\000o\000r\000t\000\040\0009}{}% 31
\BOOKMARK [1][-]{section.11}{\376\377\000R\000e\000p\000o\000r\000t\000\040\0001\0000}{}% 32
\BOOKMARK [1][-]{section.12}{\376\377\000R\000e\000p\000o\000r\000t\000\040\0001\0001}{}% 33
\BOOKMARK [1][-]{section.13}{\376\377\000R\000e\000p\000o\000r\000t\000\040\0001\0002}{}% 34
\BOOKMARK [1][-]{section.14}{\376\377\000R\000e\000p\000o\000r\000t\000\040\0001\0003}{}% 35
\BOOKMARK [1][-]{section.15}{\376\377\000R\000e\000p\000o\000r\000t\000\040\0001\0004}{}% 36
\BOOKMARK [1][-]{section.16}{\376\377\000R\000e\000p\000o\000r\000t\000\040\0001\0005}{}% 37
\BOOKMARK [1][-]{section.17}{\376\377\000R\000e\000p\000o\000r\000t\000\040\0001\0006}{}% 38
\BOOKMARK [1][-]{section.18}{\376\377\000R\000e\000p\000o\000r\000t\000\040\0001\0007}{}% 39
\BOOKMARK [1][-]{section.19}{\376\377\000R\000e\000p\000o\000r\000t\000\040\0001\0008}{}% 40
